Unity Editor version:    2021.2.16f1 (559fc0ec6670)
Branch:                  2021.2/staging
Build type:              Release
Batch mode:              YES
macOS version:           Version 12.1 (Build 21C5021h)
Darwin version:          21.2.0
Architecture:            x86_64
Running under Rosetta:   NO
Available memory:        32768 MB
Using pre-set license
Pro License: YES

COMMAND LINE ARGUMENTS:
/Applications/Unity/Hub/Editor/2021.2.16f1/Unity.app/Contents/MacOS/Unity
-adb2
-batchMode
-noUpm
-name
AssetImportWorker0
-projectPath
/Users/steffen/Unity Projects/Mad-Maps
-logFile
Logs/AssetImportWorker0.log
-srvPort
58217
Successfully changed project path to: /Users/steffen/Unity Projects/Mad-Maps
/Users/steffen/Unity Projects/Mad-Maps
[UnityMemory] Configuration Parameters - Can be set up in boot.config
    "memorysetup-bucket-allocator-granularity=16"
    "memorysetup-bucket-allocator-bucket-count=8"
    "memorysetup-bucket-allocator-block-size=33554432"
    "memorysetup-bucket-allocator-block-count=8"
    "memorysetup-main-allocator-block-size=16777216"
    "memorysetup-thread-allocator-block-size=16777216"
    "memorysetup-gfx-main-allocator-block-size=16777216"
    "memorysetup-gfx-thread-allocator-block-size=16777216"
    "memorysetup-cache-allocator-block-size=4194304"
    "memorysetup-typetree-allocator-block-size=2097152"
    "memorysetup-profiler-bucket-allocator-granularity=16"
    "memorysetup-profiler-bucket-allocator-bucket-count=8"
    "memorysetup-profiler-bucket-allocator-block-size=33554432"
    "memorysetup-profiler-bucket-allocator-block-count=8"
    "memorysetup-profiler-allocator-block-size=16777216"
    "memorysetup-profiler-editor-allocator-block-size=1048576"
    "memorysetup-temp-allocator-size-main=16777216"
    "memorysetup-job-temp-allocator-block-size=2097152"
    "memorysetup-job-temp-allocator-block-size-background=1048576"
    "memorysetup-job-temp-allocator-reduction-small-platforms=262144"
    "memorysetup-temp-allocator-size-background-worker=32768"
    "memorysetup-temp-allocator-size-job-worker=262144"
    "memorysetup-temp-allocator-size-preload-manager=33554432"
    "memorysetup-temp-allocator-size-nav-mesh-worker=65536"
    "memorysetup-temp-allocator-size-audio-worker=65536"
    "memorysetup-temp-allocator-size-cloud-worker=32768"
    "memorysetup-temp-allocator-size-gi-baking-worker=262144"
    "memorysetup-temp-allocator-size-gfx=262144"
Refreshing native plugins compatible for Editor in 138.20 ms, found 2 plugins.
Preloading 0 native plugins for Editor in 0.00 ms.
Initialize engine version: 2021.2.16f1 (559fc0ec6670)
[Subsystems] Discovering subsystems at path /Applications/Unity/Hub/Editor/2021.2.16f1/Unity.app/Contents/Resources/UnitySubsystems
[Subsystems] Discovering subsystems at path /Users/steffen/Unity Projects/Mad-Maps/Assets
GfxDevice: creating device client; threaded=0; jobified=0
DELL P3421W preferred device: AMD Radeon Pro 555X (high power)
Metal devices available: 2
0: AMD Radeon Pro 555X (high power)
1: Intel(R) UHD Graphics 630 (low power)
Using device AMD Radeon Pro 555X (high power)
Initializing Metal device caps: AMD Radeon Pro 555X
Initialize mono
Mono path[0] = '/Applications/Unity/Hub/Editor/2021.2.16f1/Unity.app/Contents/Managed'
Mono path[1] = '/Applications/Unity/Hub/Editor/2021.2.16f1/Unity.app/Contents/MonoBleedingEdge/lib/mono/unityjit-macos'
Mono config path = '/Applications/Unity/Hub/Editor/2021.2.16f1/Unity.app/Contents/MonoBleedingEdge/etc'
Using monoOptions --debugger-agent=transport=dt_socket,embedding=1,server=y,suspend=n,address=127.0.0.1:56521
Begin MonoManager ReloadAssembly
Registering precompiled unity dll's ...
Register platform support module: /Applications/Unity/Hub/Editor/2021.2.16f1/PlaybackEngines/WebGLSupport/UnityEditor.WebGL.Extensions.dll
Register platform support module: /Applications/Unity/Hub/Editor/2021.2.16f1/Unity.app/Contents/PlaybackEngines/MacStandaloneSupport/UnityEditor.OSXStandalone.Extensions.dll
Registered in 0.001821 seconds.
Native extension for OSXStandalone target not found
Native extension for WebGL target not found
Refreshing native plugins compatible for Editor in 119.58 ms, found 2 plugins.
Preloading 0 native plugins for Editor in 0.00 ms.
Mono: successfully reloaded assembly
- Completed reload, in  0.897 seconds
Domain Reload Profiling:
	ReloadAssembly (897ms)
		BeginReloadAssembly (87ms)
			ExecutionOrderSort (0ms)
			DisableScriptedObjects (0ms)
			BackupInstance (0ms)
			ReleaseScriptingObjects (0ms)
			CreateAndSetChildDomain (1ms)
		EndReloadAssembly (659ms)
			LoadAssemblies (86ms)
			RebuildTransferFunctionScriptingTraits (0ms)
			SetupTypeCache (174ms)
			ReleaseScriptCaches (0ms)
			RebuildScriptCaches (47ms)
			SetupLoadedEditorAssemblies (367ms)
				LogAssemblyErrors (0ms)
				InitializePlatformSupportModulesInManaged (10ms)
				SetLoadedEditorAssemblies (0ms)
				RefreshPlugins (120ms)
				BeforeProcessingInitializeOnLoad (1ms)
				ProcessInitializeOnLoadAttributes (175ms)
				ProcessInitializeOnLoadMethodAttributes (61ms)
				AfterProcessingInitializeOnLoad (0ms)
				EditorAssembliesLoaded (0ms)
			ExecutionOrderSort2 (0ms)
			AwakeInstancesAfterBackupRestoration (0ms)
Platform modules already initialized, skipping
Registering precompiled user dll's ...
Registered in 0.003603 seconds.
Begin MonoManager ReloadAssembly
Symbol file LoadedFromMemory doesn't match image /Users/steffen/Unity Projects/Mad-Maps/Library/PackageCache/com.unity.visualscripting@1.7.7/Editor/VisualScripting.Core/Dependencies/YamlDotNet/Unity.VisualScripting.YamlDotNet.dll
Symbol file LoadedFromMemory doesn't match image /Users/steffen/Unity Projects/Mad-Maps/Library/PackageCache/com.unity.visualscripting@1.7.7/Editor/VisualScripting.Core/Dependencies/DotNetZip/Unity.VisualScripting.IonicZip.dll
Native extension for OSXStandalone target not found
Native extension for WebGL target not found
Refreshing native plugins compatible for Editor in 143.57 ms, found 2 plugins.
Preloading 0 native plugins for Editor in 0.00 ms.
Mono: successfully reloaded assembly
- Completed reload, in  4.609 seconds
Domain Reload Profiling:
	ReloadAssembly (4610ms)
		BeginReloadAssembly (130ms)
			ExecutionOrderSort (0ms)
			DisableScriptedObjects (8ms)
			BackupInstance (0ms)
			ReleaseScriptingObjects (0ms)
			CreateAndSetChildDomain (27ms)
		EndReloadAssembly (4363ms)
			LoadAssemblies (93ms)
			RebuildTransferFunctionScriptingTraits (0ms)
			SetupTypeCache (497ms)
			ReleaseScriptCaches (1ms)
			RebuildScriptCaches (107ms)
			SetupLoadedEditorAssemblies (3585ms)
				LogAssemblyErrors (0ms)
				InitializePlatformSupportModulesInManaged (12ms)
				SetLoadedEditorAssemblies (0ms)
				RefreshPlugins (144ms)
				BeforeProcessingInitializeOnLoad (132ms)
				ProcessInitializeOnLoadAttributes (3176ms)
				ProcessInitializeOnLoadMethodAttributes (118ms)
				AfterProcessingInitializeOnLoad (2ms)
				EditorAssembliesLoaded (0ms)
			ExecutionOrderSort2 (0ms)
			AwakeInstancesAfterBackupRestoration (6ms)
Platform modules already initialized, skipping
========================================================================
Worker process is ready to serve import requests
Launching external process: /Applications/Unity/Hub/Editor/2021.2.16f1/Unity.app/Contents/Tools/UnityShaderCompiler
Launched and connected shader compiler UnityShaderCompiler after 0.09 seconds
Refreshing native plugins compatible for Editor in 1.37 ms, found 2 plugins.
Preloading 0 native plugins for Editor in 0.00 ms.
Unloading 5297 Unused Serialized files (Serialized files now loaded: 0)
Unloading 46 unused Assets / (1.0 MB). Loaded Objects now: 5764.
Memory consumption went from 423.2 MB to 422.2 MB.
Total: 6.809809 ms (FindLiveObjects: 0.658362 ms CreateObjectMapping: 0.788478 ms MarkObjects: 4.795053 ms  DeleteObjects: 0.566243 ms)

AssetImportParameters requested are different than current active one (requested -> active):
  custom:video-decoder-ogg-theora: a1e56fd34408186e4bbccfd4996cb3dc -> 
  custom:container-muxer-webm: aa71ff27fc2769a1b78a27578f13a17b -> 
  custom:container-demuxer-webm: 4f35f7cbe854078d1ac9338744f61a02 -> 
  custom:video-encoder-webm-vp8: eb34c28f22e8b96e1ab97ce403110664 -> 
  custom:framework-osx-AVFoundation: e770b220cccbd017edd2c1fefb359320 -> 
  custom:audio-encoder-webm-vorbis: bf7c407c2cedff20999df2af8eb42d56 -> 
  custom:container-demuxer-ogg: 62fdf1f143b41e24485cea50d1cbac27 -> 
  custom:video-decoder-webm-vp8: 9c59270c3fd7afecdb556c50c9e8de78 -> 
  custom:audio-decoder-ogg-vorbis: bf7c407c2cedff20999df2af8eb42d56 -> 
========================================================================
Received Import Request.
  Time since last request: 53663.611699 seconds.
  path: Assets/_TerrainAutoUpgrade/layer_Grass_Texture793646612c42751.terrainlayer
  artifactKey: Guid(39a1a963b2324b65a562c6cbebddba05) Importer(815301076,1909f56bfc062723c751e8b465ee728b)
Start importing Assets/_TerrainAutoUpgrade/layer_Grass_Texture793646612c42751.terrainlayer using Guid(39a1a963b2324b65a562c6cbebddba05) Importer(815301076,1909f56bfc062723c751e8b465ee728b)  -> (artifact id: 'aefb29b3c853d99174598e72ddb321e5') in 0.211296 seconds 
========================================================================
Received Import Request.
  Time since last request: 0.000148 seconds.
  path: Assets/UniversalRenderPipelineGlobalSettings.asset
  artifactKey: Guid(ebb47ba7bd0c48a88c6f986ef9e0f632) Importer(815301076,1909f56bfc062723c751e8b465ee728b)
Start importing Assets/UniversalRenderPipelineGlobalSettings.asset using Guid(ebb47ba7bd0c48a88c6f986ef9e0f632) Importer(815301076,1909f56bfc062723c751e8b465ee728b)  -> (artifact id: '2cbae5c8856e5ae9129ccda9410166a3') in 0.137020 seconds 
========================================================================
Received Import Request.
  Time since last request: 0.000104 seconds.
  path: Assets/_TerrainAutoUpgrade/layer_TerrainTexture14TerrainTexture14_n8921b628d36b5103.terrainlayer
  artifactKey: Guid(9f5dfa660ed3473888eb5c0bc1489499) Importer(815301076,1909f56bfc062723c751e8b465ee728b)
Start importing Assets/_TerrainAutoUpgrade/layer_TerrainTexture14TerrainTexture14_n8921b628d36b5103.terrainlayer using Guid(9f5dfa660ed3473888eb5c0bc1489499) Importer(815301076,1909f56bfc062723c751e8b465ee728b)  -> (artifact id: '5240e04d1dbbe1fb2a67731f98e41ac8') in 0.006822 seconds 
========================================================================
Received Import Request.
  Time since last request: 0.000089 seconds.
  path: Assets/_TerrainAutoUpgrade/layer_TerrainTexture1TerrainTexture1_n312cdf1c675cb011.terrainlayer
  artifactKey: Guid(be5119394e55474dafac218f6aa564e9) Importer(815301076,1909f56bfc062723c751e8b465ee728b)
Start importing Assets/_TerrainAutoUpgrade/layer_TerrainTexture1TerrainTexture1_n312cdf1c675cb011.terrainlayer using Guid(be5119394e55474dafac218f6aa564e9) Importer(815301076,1909f56bfc062723c751e8b465ee728b)  -> (artifact id: '09f627f96e1b4ccf0fb9ff89bde05200') in 0.006590 seconds 
========================================================================
Received Import Request.
  Time since last request: 0.000138 seconds.
  path: Assets/_TerrainAutoUpgrade/layer_2023054508611406.terrainlayer
  artifactKey: Guid(ff3c2265a8b9248f48956a3efbdaaf87) Importer(815301076,1909f56bfc062723c751e8b465ee728b)
Start importing Assets/_TerrainAutoUpgrade/layer_2023054508611406.terrainlayer using Guid(ff3c2265a8b9248f48956a3efbdaaf87) Importer(815301076,1909f56bfc062723c751e8b465ee728b)  -> (artifact id: '956d1d2a3f790b59eb503cb270eddae7') in 0.007063 seconds 
========================================================================
Received Import Request.
  Time since last request: 0.000126 seconds.
  path: Assets/Readme.asset
  artifactKey: Guid(e28edd095e2540a8b8fbc21a4a117eff) Importer(815301076,1909f56bfc062723c751e8b465ee728b)
Start importing Assets/Readme.asset using Guid(e28edd095e2540a8b8fbc21a4a117eff) Importer(815301076,1909f56bfc062723c751e8b465ee728b)  -> (artifact id: '6c9f1a313fabf1a17c8054a5f5089850') in 0.004266 seconds 
========================================================================
Received Import Request.
  Time since last request: 0.000095 seconds.
  path: Assets/_TerrainAutoUpgrade/layer_TerrainTexture3TerrainTexture3_n312cdf1c675cb011.terrainlayer
  artifactKey: Guid(19b1b4e7a85548718d51aef8270969e7) Importer(815301076,1909f56bfc062723c751e8b465ee728b)
Start importing Assets/_TerrainAutoUpgrade/layer_TerrainTexture3TerrainTexture3_n312cdf1c675cb011.terrainlayer using Guid(19b1b4e7a85548718d51aef8270969e7) Importer(815301076,1909f56bfc062723c751e8b465ee728b)  -> (artifact id: '29cbefe24ceaa7e45a57ed2e8206562e') in 0.005412 seconds 
========================================================================
Received Import Request.
  Time since last request: 0.629478 seconds.
  path: Assets/Materials/Skybox_Mat.mat
  artifactKey: Guid(b2fac011256b44f8b8334a89c3abe55e) Importer(815301076,1909f56bfc062723c751e8b465ee728b)
Start importing Assets/Materials/Skybox_Mat.mat using Guid(b2fac011256b44f8b8334a89c3abe55e) Importer(815301076,1909f56bfc062723c751e8b465ee728b)  -> (artifact id: '0cd2095603e2c88ae2e26b99e1ee5fce') in 0.169056 seconds 
========================================================================
Received Import Request.
  Time since last request: 29.786020 seconds.
  path: Assets/MadMaps/Demo/DemoAsphault/Asphalt_UnsealedT.fbx
  artifactKey: Guid(15f6403c67a74bad96db2d192fa40662) Importer(815301076,1909f56bfc062723c751e8b465ee728b)
Start importing Assets/MadMaps/Demo/DemoAsphault/Asphalt_UnsealedT.fbx using Guid(15f6403c67a74bad96db2d192fa40662) Importer(815301076,1909f56bfc062723c751e8b465ee728b)  -> (artifact id: 'e4396772221ea7a278c407585b7d94f9') in 0.314795 seconds 
========================================================================
Received Import Request.
  Time since last request: 0.000126 seconds.
  path: Assets/MadMaps/Demo/DemoAsphault/DemoAusphaultRoadMesh.fbx
  artifactKey: Guid(147e5d7e67d6476381dac0915e67c747) Importer(815301076,1909f56bfc062723c751e8b465ee728b)
Start importing Assets/MadMaps/Demo/DemoAsphault/DemoAusphaultRoadMesh.fbx using Guid(147e5d7e67d6476381dac0915e67c747) Importer(815301076,1909f56bfc062723c751e8b465ee728b)  -> (artifact id: 'a96b9cb98050ee10bf74d0dea42dc009') in 0.345493 seconds 
========================================================================
Received Import Request.
  Time since last request: 11.281851 seconds.
  path: Assets/MadMaps/Demo/DemoDirtRoad/DemoDirtRoad.asset
  artifactKey: Guid(76a946e6d11a45b4a450efd68b611487) Importer(815301076,1909f56bfc062723c751e8b465ee728b)
Start importing Assets/MadMaps/Demo/DemoDirtRoad/DemoDirtRoad.asset using Guid(76a946e6d11a45b4a450efd68b611487) Importer(815301076,1909f56bfc062723c751e8b465ee728b) ArgumentException: Object of type 'UnityEngine.Object' cannot be converted to type 'UnityEngine.Mesh'.
  at System.RuntimeType.CheckValue (System.Object value, System.Reflection.Binder binder, System.Globalization.CultureInfo culture, System.Reflection.BindingFlags invokeAttr) [0x00071] in <cc07565d1e884982b04875f1b674afb1>:0 
  at System.Reflection.RuntimeFieldInfo.SetValue (System.Object obj, System.Object val, System.Reflection.BindingFlags invokeAttr, System.Reflection.Binder binder, System.Globalization.CultureInfo culture) [0x0007d] in <cc07565d1e884982b04875f1b674afb1>:0 
  at System.Reflection.FieldInfo.SetValue (System.Object obj, System.Object value) [0x00009] in <cc07565d1e884982b04875f1b674afb1>:0 
  at FullSerializer.Internal.fsMetaProperty.Write (System.Object context, System.Object value) [0x00021] in /Users/steffen/Unity Projects/Mad-Maps/Assets/MadMaps/Common/Serialization/FullSerializer/Reflection/fsMetaProperty.cs:129 
  at FullSerializer.Internal.fsReflectedConverter.TryDeserialize (FullSerializer.fsData data, System.Object& instance, System.Type storageType) [0x000b3] in /Users/steffen/Unity Projects/Mad-Maps/Assets/MadMaps/Common/Serialization/FullSerializer/Converters/fsReflectedConverter.cs:83 
  at FullSerializer.fsSerializer.InternalDeserialize_5_Converter (System.Type overrideConverterType, FullSerializer.fsData data, System.Type resultType, System.Object& result) [0x0001a] in /Users/steffen/Unity Projects/Mad-Maps/Assets/MadMaps/Common/Serialization/FullSerializer/fsSerializer.cs:937 
  at FullSerializer.fsSerializer.InternalDeserialize_4_Cycles (System.Type overrideConverterType, FullSerializer.fsData data, System.Type resultType, System.Object& result) [0x00032] in /Users/steffen/Unity Projects/Mad-Maps/Assets/MadMaps/Common/Serialization/FullSerializer/fsSerializer.cs:929 
  at FullSerializer.fsSerializer.InternalDeserialize_3_Inheritance (System.Type overrideConverterType, FullSerializer.fsData data, System.Type storageType, System.Object& result, System.Collections.Generic.List`1[FullSerializer.fsObjectProcessor]& processors) [0x0012a] in /Users/steffen/Unity Projects/Mad-Maps/Assets/MadMaps/Common/Serialization/FullSerializer/fsSerializer.cs:906 
  at FullSerializer.fsSerializer.InternalDeserialize_2_Version (System.Type overrideConverterType, FullSerializer.fsData data, System.Type storageType, System.Object& result, System.Collections.Generic.List`1[FullSerializer.fsObjectProcessor]& processors) [0x0011c] in /Users/steffen/Unity Projects/Mad-Maps/Assets/MadMaps/Common/Serialization/FullSerializer/fsSerializer.cs:835 
  at FullSerializer.fsSerializer.InternalDeserialize_1_CycleReference (System.Type overrideConverterType, FullSerializer.fsData data, System.Type storageType, System.Object& result, System.Collections.Generic.List`1[FullSerializer.fsObjectProcessor]& processors) [0x00049] in /Users/steffen/Unity Projects/Mad-Maps/Assets/MadMaps/Common/Serialization/FullSerializer/fsSerializer.cs:789 
  at FullSerializer.fsSerializer.TryDeserialize (FullSerializer.fsData data, System.Type storageType, System.Type overrideConverterType, System.Object& result) [0x0003b] in /Users/steffen/Unity Projects/Mad-Maps/Assets/MadMaps/Common/Serialization/FullSerializer/fsSerializer.cs:757 
  at FullSerializer.fsSerializer.TryDeserialize (FullSerializer.fsData data, System.Type storageType, System.Object& result) [0x00000] in /Users/steffen/Unity Projects/Mad-Maps/Assets/MadMaps/Common/Serialization/FullSerializer/fsSerializer.cs:731 
  at FullSerializer.Internal.fsIEnumerableConverter.TryDeserialize (FullSerializer.fsData data, System.Object& instance_, System.Type storageType) [0x000b5] in /Users/steffen/Unity Projects/Mad-Maps/Assets/MadMaps/Common/Serialization/FullSerializer/Converters/fsIEnumerableConverter.cs:82 
  at FullSerializer.fsSerializer.InternalDeserialize_5_Converter (System.Type overrideConverterType, FullSerializer.fsData data, System.Type resultType, System.Object& result) [0x0001a] in /Users/steffen/Unity Projects/Mad-Maps/Assets/MadMaps/Common/Serialization/FullSerializer/fsSerializer.cs:937 
  at FullSerializer.fsSerializer.InternalDeserialize_4_Cycles (System.Type overrideConverterType, FullSerializer.fsData data, System.Type resultType, System.Object& result) [0x00032] in /Users/steffen/Unity Projects/Mad-Maps/Assets/MadMaps/Common/Serialization/FullSerializer/fsSerializer.cs:929 
  at FullSerializer.fsSerializer.InternalDeserialize_3_Inheritance (System.Type overrideConverterType, FullSerializer.fsData data, System.Type storageType, System.Object& result, System.Collections.Generic.List`1[FullSerializer.fsObjectProcessor]& processors) [0x0012a] in /Users/steffen/Unity Projects/Mad-Maps/Assets/MadMaps/Common/Serialization/FullSerializer/fsSerializer.cs:906 
  at FullSerializer.fsSerializer.InternalDeserialize_2_Version (System.Type overrideConverterType, FullSerializer.fsData data, System.Type storageType, System.Object& result, System.Collections.Generic.List`1[FullSerializer.fsObjectProcessor]& processors) [0x0011c] in /Users/steffen/Unity Projects/Mad-Maps/Assets/MadMaps/Common/Serialization/FullSerializer/fsSerializer.cs:835 
  at FullSerializer.fsSerializer.InternalDeserialize_1_CycleReference (System.Type overrideConverterType, FullSerializer.fsData data, System.Type storageType, System.Object& result, System.Collections.Generic.List`1[FullSerializer.fsObjectProcessor]& processors) [0x00049] in /Users/steffen/Unity Projects/Mad-Maps/Assets/MadMaps/Common/Serialization/FullSerializer/fsSerializer.cs:789 
  at FullSerializer.fsSerializer.TryDeserialize (FullSerializer.fsData data, System.Type storageType, System.Type overrideConverterType, System.Object& result) [0x0003b] in /Users/steffen/Unity Projects/Mad-Maps/Assets/MadMaps/Common/Serialization/FullSerializer/fsSerializer.cs:757 
  at FullSerializer.Internal.fsReflectedConverter.TryDeserialize (FullSerializer.fsData data, System.Object& instance, System.Type storageType) [0x00082] in /Users/steffen/Unity Projects/Mad-Maps/Assets/MadMaps/Common/Serialization/FullSerializer/Converters/fsReflectedConverter.cs:78 
  at FullSerializer.fsSerializer.InternalDeserialize_5_Converter (System.Type overrideConverterType, FullSerializer.fsData data, System.Type resultType, System.Object& result) [0x0001a] in /Users/steffen/Unity Projects/Mad-Maps/Assets/MadMaps/Common/Serialization/FullSerializer/fsSerializer.cs:937 
  at FullSerializer.fsSerializer.InternalDeserialize_4_Cycles (System.Type overrideConverterType, FullSerializer.fsData data, System.Type resultType, System.Object& result) [0x00032] in /Users/steffen/Unity Projects/Mad-Maps/Assets/MadMaps/Common/Serialization/FullSerializer/fsSerializer.cs:929 
  at FullSerializer.fsSerializer.InternalDeserialize_3_Inheritance (System.Type overrideConverterType, FullSerializer.fsData data, System.Type storageType, System.Object& result, System.Collections.Generic.List`1[FullSerializer.fsObjectProcessor]& processors) [0x0012a] in /Users/steffen/Unity Projects/Mad-Maps/Assets/MadMaps/Common/Serialization/FullSerializer/fsSerializer.cs:906 
  at FullSerializer.fsSerializer.InternalDeserialize_2_Version (System.Type overrideConverterType, FullSerializer.fsData data, System.Type storageType, System.Object& result, System.Collections.Generic.List`1[FullSerializer.fsObjectProcessor]& processors) [0x0011c] in /Users/steffen/Unity Projects/Mad-Maps/Assets/MadMaps/Common/Serialization/FullSerializer/fsSerializer.cs:835 
  at FullSerializer.fsSerializer.InternalDeserialize_1_CycleReference (System.Type overrideConverterType, FullSerializer.fsData data, System.Type storageType, System.Object& result, System.Collections.Generic.List`1[FullSerializer.fsObjectProcessor]& processors) [0x00049] in /Users/steffen/Unity Projects/Mad-Maps/Assets/MadMaps/Common/Serialization/FullSerializer/fsSerializer.cs:789 
  at FullSerializer.fsSerializer.TryDeserialize (FullSerializer.fsData data, System.Type storageType, System.Type overrideConverterType, System.Object& result) [0x0003b] in /Users/steffen/Unity Projects/Mad-Maps/Assets/MadMaps/Common/Serialization/FullSerializer/fsSerializer.cs:757 
  at FullSerializer.fsSerializer.TryDeserialize (FullSerializer.fsData data, System.Type storageType, System.Object& result) [0x00000] in /Users/steffen/Unity Projects/Mad-Maps/Assets/MadMaps/Common/Serialization/FullSerializer/fsSerializer.cs:731 
  at MadMaps.Common.Serialization.JSONSerializer.Deserialize (System.Type type, System.String serializedState, System.Collections.Generic.List`1[T] objectReferences) [0x0006d] in /Users/steffen/Unity Projects/Mad-Maps/Assets/MadMaps/Common/Serialization/JSONSerializer.cs:145 
  at MadMaps.Roads.ConnectionConfiguration.OnAfterDeserialize () [0x0005a] in /Users/steffen/Unity Projects/Mad-Maps/Assets/MadMaps/Roads/ConnectionConfiguration.cs:55 

(Filename: Assets/MadMaps/Common/Serialization/FullSerializer/Reflection/fsMetaProperty.cs Line: 129)

 -> (artifact id: '839d47c6d10a76b1ef233e51663a6f08') in 0.050006 seconds 
========================================================================
Received Import Request.
  Time since last request: 0.000095 seconds.
  path: Assets/MadMaps/Demo/DemoDirtRoad/DemoDirtRoad.mat
  artifactKey: Guid(73fca16009894f8b8ca426d9df0d1557) Importer(815301076,1909f56bfc062723c751e8b465ee728b)
Start importing Assets/MadMaps/Demo/DemoDirtRoad/DemoDirtRoad.mat using Guid(73fca16009894f8b8ca426d9df0d1557) Importer(815301076,1909f56bfc062723c751e8b465ee728b)  -> (artifact id: '63c7d02518b93777ea519ae6b936709d') in 0.529614 seconds 
