Unity Editor version:    2021.2.16f1 (559fc0ec6670)
Branch:                  2021.2/staging
Build type:              Release
Batch mode:              YES
macOS version:           Version 12.1 (Build 21C5021h)
Darwin version:          21.2.0
Architecture:            x86_64
Running under Rosetta:   NO
Available memory:        32768 MB
Using pre-set license
Pro License: YES

COMMAND LINE ARGUMENTS:
/Applications/Unity/Hub/Editor/2021.2.16f1/Unity.app/Contents/MacOS/Unity
-adb2
-batchMode
-noUpm
-name
AssetImportWorker1
-projectPath
/Users/steffen/Unity Projects/Mad-Maps
-logFile
Logs/AssetImportWorker1.log
-srvPort
53092
Successfully changed project path to: /Users/steffen/Unity Projects/Mad-Maps
/Users/steffen/Unity Projects/Mad-Maps
[UnityMemory] Configuration Parameters - Can be set up in boot.config
    "memorysetup-bucket-allocator-granularity=16"
    "memorysetup-bucket-allocator-bucket-count=8"
    "memorysetup-bucket-allocator-block-size=33554432"
    "memorysetup-bucket-allocator-block-count=8"
    "memorysetup-main-allocator-block-size=16777216"
    "memorysetup-thread-allocator-block-size=16777216"
    "memorysetup-gfx-main-allocator-block-size=16777216"
    "memorysetup-gfx-thread-allocator-block-size=16777216"
    "memorysetup-cache-allocator-block-size=4194304"
    "memorysetup-typetree-allocator-block-size=2097152"
    "memorysetup-profiler-bucket-allocator-granularity=16"
    "memorysetup-profiler-bucket-allocator-bucket-count=8"
    "memorysetup-profiler-bucket-allocator-block-size=33554432"
    "memorysetup-profiler-bucket-allocator-block-count=8"
    "memorysetup-profiler-allocator-block-size=16777216"
    "memorysetup-profiler-editor-allocator-block-size=1048576"
    "memorysetup-temp-allocator-size-main=16777216"
    "memorysetup-job-temp-allocator-block-size=2097152"
    "memorysetup-job-temp-allocator-block-size-background=1048576"
    "memorysetup-job-temp-allocator-reduction-small-platforms=262144"
    "memorysetup-temp-allocator-size-background-worker=32768"
    "memorysetup-temp-allocator-size-job-worker=262144"
    "memorysetup-temp-allocator-size-preload-manager=33554432"
    "memorysetup-temp-allocator-size-nav-mesh-worker=65536"
    "memorysetup-temp-allocator-size-audio-worker=65536"
    "memorysetup-temp-allocator-size-cloud-worker=32768"
    "memorysetup-temp-allocator-size-gi-baking-worker=262144"
    "memorysetup-temp-allocator-size-gfx=262144"
Refreshing native plugins compatible for Editor in 170.46 ms, found 2 plugins.
Preloading 0 native plugins for Editor in 0.00 ms.
Initialize engine version: 2021.2.16f1 (559fc0ec6670)
[Subsystems] Discovering subsystems at path /Applications/Unity/Hub/Editor/2021.2.16f1/Unity.app/Contents/Resources/UnitySubsystems
[Subsystems] Discovering subsystems at path /Users/steffen/Unity Projects/Mad-Maps/Assets
GfxDevice: creating device client; threaded=0; jobified=0
DELL P3421W preferred device: AMD Radeon Pro 555X (high power)
Metal devices available: 2
0: AMD Radeon Pro 555X (high power)
1: Intel(R) UHD Graphics 630 (low power)
Using device AMD Radeon Pro 555X (high power)
Initializing Metal device caps: AMD Radeon Pro 555X
Initialize mono
Mono path[0] = '/Applications/Unity/Hub/Editor/2021.2.16f1/Unity.app/Contents/Managed'
Mono path[1] = '/Applications/Unity/Hub/Editor/2021.2.16f1/Unity.app/Contents/MonoBleedingEdge/lib/mono/unityjit-macos'
Mono config path = '/Applications/Unity/Hub/Editor/2021.2.16f1/Unity.app/Contents/MonoBleedingEdge/etc'
Using monoOptions --debugger-agent=transport=dt_socket,embedding=1,server=y,suspend=n,address=127.0.0.1:56635
Begin MonoManager ReloadAssembly
Registering precompiled unity dll's ...
Register platform support module: /Applications/Unity/Hub/Editor/2021.2.16f1/PlaybackEngines/WebGLSupport/UnityEditor.WebGL.Extensions.dll
Register platform support module: /Applications/Unity/Hub/Editor/2021.2.16f1/Unity.app/Contents/PlaybackEngines/MacStandaloneSupport/UnityEditor.OSXStandalone.Extensions.dll
Registered in 0.002625 seconds.
Native extension for OSXStandalone target not found
Native extension for WebGL target not found
Refreshing native plugins compatible for Editor in 163.60 ms, found 2 plugins.
Preloading 0 native plugins for Editor in 0.00 ms.
Mono: successfully reloaded assembly
- Completed reload, in  1.127 seconds
Domain Reload Profiling:
	ReloadAssembly (1128ms)
		BeginReloadAssembly (103ms)
			ExecutionOrderSort (0ms)
			DisableScriptedObjects (0ms)
			BackupInstance (0ms)
			ReleaseScriptingObjects (0ms)
			CreateAndSetChildDomain (1ms)
		EndReloadAssembly (839ms)
			LoadAssemblies (101ms)
			RebuildTransferFunctionScriptingTraits (0ms)
			SetupTypeCache (201ms)
			ReleaseScriptCaches (0ms)
			RebuildScriptCaches (57ms)
			SetupLoadedEditorAssemblies (501ms)
				LogAssemblyErrors (0ms)
				InitializePlatformSupportModulesInManaged (12ms)
				SetLoadedEditorAssemblies (0ms)
				RefreshPlugins (164ms)
				BeforeProcessingInitializeOnLoad (2ms)
				ProcessInitializeOnLoadAttributes (255ms)
				ProcessInitializeOnLoadMethodAttributes (68ms)
				AfterProcessingInitializeOnLoad (0ms)
				EditorAssembliesLoaded (0ms)
			ExecutionOrderSort2 (0ms)
			AwakeInstancesAfterBackupRestoration (0ms)
Platform modules already initialized, skipping
Registering precompiled user dll's ...
Registered in 0.004090 seconds.
Begin MonoManager ReloadAssembly
Symbol file LoadedFromMemory doesn't match image /Users/steffen/Unity Projects/Mad-Maps/Library/PackageCache/com.unity.visualscripting@1.7.7/Editor/VisualScripting.Core/Dependencies/YamlDotNet/Unity.VisualScripting.YamlDotNet.dll
Symbol file LoadedFromMemory doesn't match image /Users/steffen/Unity Projects/Mad-Maps/Library/PackageCache/com.unity.visualscripting@1.7.7/Editor/VisualScripting.Core/Dependencies/DotNetZip/Unity.VisualScripting.IonicZip.dll
Native extension for OSXStandalone target not found
Native extension for WebGL target not found
Refreshing native plugins compatible for Editor in 148.40 ms, found 2 plugins.
Preloading 0 native plugins for Editor in 0.00 ms.
Mono: successfully reloaded assembly
- Completed reload, in  5.045 seconds
Domain Reload Profiling:
	ReloadAssembly (5046ms)
		BeginReloadAssembly (117ms)
			ExecutionOrderSort (0ms)
			DisableScriptedObjects (7ms)
			BackupInstance (0ms)
			ReleaseScriptingObjects (0ms)
			CreateAndSetChildDomain (23ms)
		EndReloadAssembly (4809ms)
			LoadAssemblies (135ms)
			RebuildTransferFunctionScriptingTraits (0ms)
			SetupTypeCache (525ms)
			ReleaseScriptCaches (1ms)
			RebuildScriptCaches (112ms)
			SetupLoadedEditorAssemblies (3938ms)
				LogAssemblyErrors (0ms)
				InitializePlatformSupportModulesInManaged (12ms)
				SetLoadedEditorAssemblies (0ms)
				RefreshPlugins (148ms)
				BeforeProcessingInitializeOnLoad (147ms)
				ProcessInitializeOnLoadAttributes (3495ms)
				ProcessInitializeOnLoadMethodAttributes (132ms)
				AfterProcessingInitializeOnLoad (2ms)
				EditorAssembliesLoaded (0ms)
			ExecutionOrderSort2 (0ms)
			AwakeInstancesAfterBackupRestoration (6ms)
Platform modules already initialized, skipping
========================================================================
Worker process is ready to serve import requests
Launching external process: /Applications/Unity/Hub/Editor/2021.2.16f1/Unity.app/Contents/Tools/UnityShaderCompiler
Launched and connected shader compiler UnityShaderCompiler after 0.13 seconds
Refreshing native plugins compatible for Editor in 0.99 ms, found 2 plugins.
Preloading 0 native plugins for Editor in 0.00 ms.
Unloading 5297 Unused Serialized files (Serialized files now loaded: 0)
Unloading 46 unused Assets / (1.0 MB). Loaded Objects now: 5764.
Memory consumption went from 423.4 MB to 422.4 MB.
Total: 7.673182 ms (FindLiveObjects: 0.498901 ms CreateObjectMapping: 0.802597 ms MarkObjects: 5.709623 ms  DeleteObjects: 0.660344 ms)

AssetImportParameters requested are different than current active one (requested -> active):
  custom:video-decoder-ogg-theora: a1e56fd34408186e4bbccfd4996cb3dc -> 
  custom:container-muxer-webm: aa71ff27fc2769a1b78a27578f13a17b -> 
  custom:container-demuxer-webm: 4f35f7cbe854078d1ac9338744f61a02 -> 
  custom:video-encoder-webm-vp8: eb34c28f22e8b96e1ab97ce403110664 -> 
  custom:framework-osx-AVFoundation: e770b220cccbd017edd2c1fefb359320 -> 
  custom:audio-encoder-webm-vorbis: bf7c407c2cedff20999df2af8eb42d56 -> 
  custom:container-demuxer-ogg: 62fdf1f143b41e24485cea50d1cbac27 -> 
  custom:video-decoder-webm-vp8: 9c59270c3fd7afecdb556c50c9e8de78 -> 
  custom:audio-decoder-ogg-vorbis: bf7c407c2cedff20999df2af8eb42d56 -> 
========================================================================
Received Import Request.
  Time since last request: 62426.807236 seconds.
  path: Assets/MadMaps/Demo/Assets/Trees/Textures/ast3.png
  artifactKey: Guid(bedb5aa529db4ffaaffdee54a8083226) Importer(815301076,1909f56bfc062723c751e8b465ee728b)
Start importing Assets/MadMaps/Demo/Assets/Trees/Textures/ast3.png using Guid(bedb5aa529db4ffaaffdee54a8083226) Importer(815301076,1909f56bfc062723c751e8b465ee728b)  -> (artifact id: '1e9e782fc51bc9bf99c47b65742f6520') in 0.348263 seconds 
========================================================================
Received Import Request.
  Time since last request: 11.642839 seconds.
  path: Assets/MadMaps/Demo/Assets/Splats/TerrainTexture1_n.tga
  artifactKey: Guid(ee3f10e5353d40ce98bf861b0756e059) Importer(815301076,1909f56bfc062723c751e8b465ee728b)
Start importing Assets/MadMaps/Demo/Assets/Splats/TerrainTexture1_n.tga using Guid(ee3f10e5353d40ce98bf861b0756e059) Importer(815301076,1909f56bfc062723c751e8b465ee728b)  -> (artifact id: 'c2e7963f9ec73023570c26f72ef58985') in 0.152789 seconds 
========================================================================
Received Import Request.
  Time since last request: 0.000163 seconds.
  path: Assets/MadMaps/Demo/Assets/Splats/TerrainTexture6.tga
  artifactKey: Guid(9efe64362c6e48698045e8b2c6d452f6) Importer(815301076,1909f56bfc062723c751e8b465ee728b)
Start importing Assets/MadMaps/Demo/Assets/Splats/TerrainTexture6.tga using Guid(9efe64362c6e48698045e8b2c6d452f6) Importer(815301076,1909f56bfc062723c751e8b465ee728b)  -> (artifact id: '30ecc8e3cb1d38b2bd7aa0ce380eb0b3') in 0.018996 seconds 
========================================================================
Received Import Request.
  Time since last request: 0.000093 seconds.
  path: Assets/MadMaps/Demo/Assets/Splats/TerrainTexture12.tga
  artifactKey: Guid(adafc7fa2474491a8e5475f795bfbad3) Importer(815301076,1909f56bfc062723c751e8b465ee728b)
Start importing Assets/MadMaps/Demo/Assets/Splats/TerrainTexture12.tga using Guid(adafc7fa2474491a8e5475f795bfbad3) Importer(815301076,1909f56bfc062723c751e8b465ee728b)  -> (artifact id: '91f7b726576c1334ed57db814011c194') in 0.015424 seconds 
========================================================================
Received Import Request.
  Time since last request: 0.000106 seconds.
  path: Assets/MadMaps/Demo/Assets/Splats/TerrainTexture10_n.tga
  artifactKey: Guid(3e4ca47dd0a74c1c91fa589e272fb8d2) Importer(815301076,1909f56bfc062723c751e8b465ee728b)
Start importing Assets/MadMaps/Demo/Assets/Splats/TerrainTexture10_n.tga using Guid(3e4ca47dd0a74c1c91fa589e272fb8d2) Importer(815301076,1909f56bfc062723c751e8b465ee728b)  -> (artifact id: '53e08a7b09e697763ad551b18cf821f3') in 0.015487 seconds 
========================================================================
Received Import Request.
  Time since last request: 0.000077 seconds.
  path: Assets/MadMaps/Demo/Assets/Splats/TerrainTexture11_n.tga
  artifactKey: Guid(8fe97a09e4f947488b358607c293bf5c) Importer(815301076,1909f56bfc062723c751e8b465ee728b)
Start importing Assets/MadMaps/Demo/Assets/Splats/TerrainTexture11_n.tga using Guid(8fe97a09e4f947488b358607c293bf5c) Importer(815301076,1909f56bfc062723c751e8b465ee728b)  -> (artifact id: '9a67f66804e890edd427e795a20e0bc5') in 0.019373 seconds 
========================================================================
Received Import Request.
  Time since last request: 0.000118 seconds.
  path: Assets/MadMaps/Demo/Assets/Splats/TerrainTexture9.tga
  artifactKey: Guid(5d02972cf48b4d94843700aa3f9e398f) Importer(815301076,1909f56bfc062723c751e8b465ee728b)
Start importing Assets/MadMaps/Demo/Assets/Splats/TerrainTexture9.tga using Guid(5d02972cf48b4d94843700aa3f9e398f) Importer(815301076,1909f56bfc062723c751e8b465ee728b)  -> (artifact id: 'f4426738d2c56bada658bd99999c1e75') in 0.019049 seconds 
========================================================================
Received Import Request.
  Time since last request: 0.000108 seconds.
  path: Assets/MadMaps/Demo/Assets/Splats/TerrainTexture12_n.tga
  artifactKey: Guid(e23e83b28342418884ac6583bbad82ee) Importer(815301076,1909f56bfc062723c751e8b465ee728b)
Start importing Assets/MadMaps/Demo/Assets/Splats/TerrainTexture12_n.tga using Guid(e23e83b28342418884ac6583bbad82ee) Importer(815301076,1909f56bfc062723c751e8b465ee728b)  -> (artifact id: '6de2bc4ebe7b2bc0b2b04540283bae22') in 0.014515 seconds 
========================================================================
Received Import Request.
  Time since last request: 0.000122 seconds.
  path: Assets/MadMaps/Demo/Assets/Splats/TerrainTexture3_n.tga
  artifactKey: Guid(d6fa6067e4d14fd5a2da47a4fd6ce7e7) Importer(815301076,1909f56bfc062723c751e8b465ee728b)
Start importing Assets/MadMaps/Demo/Assets/Splats/TerrainTexture3_n.tga using Guid(d6fa6067e4d14fd5a2da47a4fd6ce7e7) Importer(815301076,1909f56bfc062723c751e8b465ee728b)  -> (artifact id: 'a110156e23466f4503f2819620a047be') in 0.022476 seconds 
========================================================================
Received Import Request.
  Time since last request: 0.000104 seconds.
  path: Assets/MadMaps/Demo/Assets/Splats/TerrainTexture6_n.tga
  artifactKey: Guid(a22657ae5d234913a627bb53372a35fe) Importer(815301076,1909f56bfc062723c751e8b465ee728b)
Start importing Assets/MadMaps/Demo/Assets/Splats/TerrainTexture6_n.tga using Guid(a22657ae5d234913a627bb53372a35fe) Importer(815301076,1909f56bfc062723c751e8b465ee728b)  -> (artifact id: '144463bd9c32b126bba4a536677899b3') in 0.018998 seconds 
========================================================================
Received Import Request.
  Time since last request: 0.000116 seconds.
  path: Assets/MadMaps/Demo/Assets/Splats/TerrainTexture2_n.tga
  artifactKey: Guid(d770fd527ac843e9b0b6c738c75f1c96) Importer(815301076,1909f56bfc062723c751e8b465ee728b)
Start importing Assets/MadMaps/Demo/Assets/Splats/TerrainTexture2_n.tga using Guid(d770fd527ac843e9b0b6c738c75f1c96) Importer(815301076,1909f56bfc062723c751e8b465ee728b)  -> (artifact id: '33680cad28b10fcbdbf94a5b6b35d688') in 0.014995 seconds 
========================================================================
Received Import Request.
  Time since last request: 0.000104 seconds.
  path: Assets/MadMaps/Demo/Assets/Splats/TerrainTexture1Wrapper.asset
  artifactKey: Guid(8e63cfe094b0465c841c014c901a94ee) Importer(815301076,1909f56bfc062723c751e8b465ee728b)
Start importing Assets/MadMaps/Demo/Assets/Splats/TerrainTexture1Wrapper.asset using Guid(8e63cfe094b0465c841c014c901a94ee) Importer(815301076,1909f56bfc062723c751e8b465ee728b)  -> (artifact id: '706adc1901c50c705b7538ef5e47346a') in 0.181727 seconds 
========================================================================
Received Import Request.
  Time since last request: 0.000095 seconds.
  path: Assets/MadMaps/Demo/Assets/Splats/TerrainTexture5Wrapper.asset
  artifactKey: Guid(dc60d39fb8d14cb3b8c41fc0e8101bf6) Importer(815301076,1909f56bfc062723c751e8b465ee728b)
Start importing Assets/MadMaps/Demo/Assets/Splats/TerrainTexture5Wrapper.asset using Guid(dc60d39fb8d14cb3b8c41fc0e8101bf6) Importer(815301076,1909f56bfc062723c751e8b465ee728b)  -> (artifact id: '24aa1c09b4c1b465dd1d02c6c6035ed9') in 0.008219 seconds 
========================================================================
Received Import Request.
  Time since last request: 0.000094 seconds.
  path: Assets/MadMaps/Demo/Assets/Splats/TerrainTexture4_old.psd
  artifactKey: Guid(2319639c6a8c4411a7e5db3a82431b57) Importer(815301076,1909f56bfc062723c751e8b465ee728b)
Start importing Assets/MadMaps/Demo/Assets/Splats/TerrainTexture4_old.psd using Guid(2319639c6a8c4411a7e5db3a82431b57) Importer(815301076,1909f56bfc062723c751e8b465ee728b)  -> (artifact id: '1e7694fb421b3e3317a251d2bd463f30') in 0.186404 seconds 
========================================================================
Received Import Request.
  Time since last request: 0.000150 seconds.
  path: Assets/MadMaps/Demo/Assets/Splats/TerrainTexture14_n.tga
  artifactKey: Guid(9d41a983abe343fc83fcd69980669502) Importer(815301076,1909f56bfc062723c751e8b465ee728b)
Start importing Assets/MadMaps/Demo/Assets/Splats/TerrainTexture14_n.tga using Guid(9d41a983abe343fc83fcd69980669502) Importer(815301076,1909f56bfc062723c751e8b465ee728b)  -> (artifact id: '529aa8be4b03c99fe13f8dd74d7c095c') in 0.015953 seconds 
========================================================================
Received Import Request.
  Time since last request: 0.000101 seconds.
  path: Assets/MadMaps/Demo/Assets/Splats/TerrainTexture4.tga
  artifactKey: Guid(3617866fc3d44eb69554fca3fcf6d3fd) Importer(815301076,1909f56bfc062723c751e8b465ee728b)
Start importing Assets/MadMaps/Demo/Assets/Splats/TerrainTexture4.tga using Guid(3617866fc3d44eb69554fca3fcf6d3fd) Importer(815301076,1909f56bfc062723c751e8b465ee728b)  -> (artifact id: '4465de1eee7639c98259e31ecd12ad47') in 0.018710 seconds 
========================================================================
Received Import Request.
  Time since last request: 13.320342 seconds.
  path: Assets/MadMaps/Demo/Assets/Splats/TerrainTexture16_n.tga
  artifactKey: Guid(7d9c86f52670415a86b939bc878f2f45) Importer(815301076,1909f56bfc062723c751e8b465ee728b)
Start importing Assets/MadMaps/Demo/Assets/Splats/TerrainTexture16_n.tga using Guid(7d9c86f52670415a86b939bc878f2f45) Importer(815301076,1909f56bfc062723c751e8b465ee728b)  -> (artifact id: '31e326017b1247c2fcb7b60b0df6ac2c') in 0.016723 seconds 
========================================================================
Received Import Request.
  Time since last request: 24.915503 seconds.
  path: Assets/MadMaps/Demo/Assets/Splats/TerrainTexture8_n.tga
  artifactKey: Guid(c40eca2c4bcd4f8584184330d1d1726f) Importer(815301076,1909f56bfc062723c751e8b465ee728b)
Start importing Assets/MadMaps/Demo/Assets/Splats/TerrainTexture8_n.tga using Guid(c40eca2c4bcd4f8584184330d1d1726f) Importer(815301076,1909f56bfc062723c751e8b465ee728b)  -> (artifact id: '11eeb43f2c3f2b24d1c0dde954da5fa1') in 0.051175 seconds 
========================================================================
Received Import Request.
  Time since last request: 0.000147 seconds.
  path: Assets/MadMaps/Demo/Assets/Splats/TerrainTexture10_n.tga
  artifactKey: Guid(3e4ca47dd0a74c1c91fa589e272fb8d2) Importer(815301076,1909f56bfc062723c751e8b465ee728b)
Start importing Assets/MadMaps/Demo/Assets/Splats/TerrainTexture10_n.tga using Guid(3e4ca47dd0a74c1c91fa589e272fb8d2) Importer(815301076,1909f56bfc062723c751e8b465ee728b)  -> (artifact id: 'b4f4d24446fb74bd55f5823d86245a31') in 0.020233 seconds 
========================================================================
Received Import Request.
  Time since last request: 0.000109 seconds.
  path: Assets/MadMaps/Demo/Assets/Splats/TerrainTexture13_n.tga
  artifactKey: Guid(611ab8f6d8754b90a2564794e0627cf4) Importer(815301076,1909f56bfc062723c751e8b465ee728b)
Start importing Assets/MadMaps/Demo/Assets/Splats/TerrainTexture13_n.tga using Guid(611ab8f6d8754b90a2564794e0627cf4) Importer(815301076,1909f56bfc062723c751e8b465ee728b)  -> (artifact id: 'ad8a4de68cf0180286c6f0787641130c') in 0.014559 seconds 
========================================================================
Received Import Request.
  Time since last request: 4.063143 seconds.
  path: Assets/MadMaps/Demo/Assets/Splats/TerrainTexture4_n.png
  artifactKey: Guid(79c44baa3e404a0e874519b1f5110418) Importer(815301076,1909f56bfc062723c751e8b465ee728b)
Start importing Assets/MadMaps/Demo/Assets/Splats/TerrainTexture4_n.png using Guid(79c44baa3e404a0e874519b1f5110418) Importer(815301076,1909f56bfc062723c751e8b465ee728b)  -> (artifact id: '63ec4695e6e34e19f26bdd8069b27cb0') in 0.023097 seconds 
Editor requested this worker to shutdown with reason: Scaling down because of idle timeout
AssetImportWorker is now disconnected from the server
Process exiting
