Unity Editor version:    2021.2.16f1 (559fc0ec6670)
Branch:                  2021.2/staging
Build type:              Release
Batch mode:              YES
macOS version:           Version 12.1 (Build 21C5021h)
Darwin version:          21.2.0
Architecture:            x86_64
Running under Rosetta:   NO
Available memory:        32768 MB
Using pre-set license
Pro License: YES

COMMAND LINE ARGUMENTS:
/Applications/Unity/Hub/Editor/2021.2.16f1/Unity.app/Contents/MacOS/Unity
-adb2
-batchMode
-noUpm
-name
AssetImportWorker1
-projectPath
/Users/steffen/Unity Projects/Mad-Maps
-logFile
Logs/AssetImportWorker1.log
-srvPort
58217
Successfully changed project path to: /Users/steffen/Unity Projects/Mad-Maps
/Users/steffen/Unity Projects/Mad-Maps
[UnityMemory] Configuration Parameters - Can be set up in boot.config
    "memorysetup-bucket-allocator-granularity=16"
    "memorysetup-bucket-allocator-bucket-count=8"
    "memorysetup-bucket-allocator-block-size=33554432"
    "memorysetup-bucket-allocator-block-count=8"
    "memorysetup-main-allocator-block-size=16777216"
    "memorysetup-thread-allocator-block-size=16777216"
    "memorysetup-gfx-main-allocator-block-size=16777216"
    "memorysetup-gfx-thread-allocator-block-size=16777216"
    "memorysetup-cache-allocator-block-size=4194304"
    "memorysetup-typetree-allocator-block-size=2097152"
    "memorysetup-profiler-bucket-allocator-granularity=16"
    "memorysetup-profiler-bucket-allocator-bucket-count=8"
    "memorysetup-profiler-bucket-allocator-block-size=33554432"
    "memorysetup-profiler-bucket-allocator-block-count=8"
    "memorysetup-profiler-allocator-block-size=16777216"
    "memorysetup-profiler-editor-allocator-block-size=1048576"
    "memorysetup-temp-allocator-size-main=16777216"
    "memorysetup-job-temp-allocator-block-size=2097152"
    "memorysetup-job-temp-allocator-block-size-background=1048576"
    "memorysetup-job-temp-allocator-reduction-small-platforms=262144"
    "memorysetup-temp-allocator-size-background-worker=32768"
    "memorysetup-temp-allocator-size-job-worker=262144"
    "memorysetup-temp-allocator-size-preload-manager=33554432"
    "memorysetup-temp-allocator-size-nav-mesh-worker=65536"
    "memorysetup-temp-allocator-size-audio-worker=65536"
    "memorysetup-temp-allocator-size-cloud-worker=32768"
    "memorysetup-temp-allocator-size-gi-baking-worker=262144"
    "memorysetup-temp-allocator-size-gfx=262144"
Refreshing native plugins compatible for Editor in 139.96 ms, found 2 plugins.
Preloading 0 native plugins for Editor in 0.00 ms.
Initialize engine version: 2021.2.16f1 (559fc0ec6670)
[Subsystems] Discovering subsystems at path /Applications/Unity/Hub/Editor/2021.2.16f1/Unity.app/Contents/Resources/UnitySubsystems
[Subsystems] Discovering subsystems at path /Users/steffen/Unity Projects/Mad-Maps/Assets
GfxDevice: creating device client; threaded=0; jobified=0
DELL P3421W preferred device: AMD Radeon Pro 555X (high power)
Metal devices available: 2
0: AMD Radeon Pro 555X (high power)
1: Intel(R) UHD Graphics 630 (low power)
Using device AMD Radeon Pro 555X (high power)
Initializing Metal device caps: AMD Radeon Pro 555X
Initialize mono
Mono path[0] = '/Applications/Unity/Hub/Editor/2021.2.16f1/Unity.app/Contents/Managed'
Mono path[1] = '/Applications/Unity/Hub/Editor/2021.2.16f1/Unity.app/Contents/MonoBleedingEdge/lib/mono/unityjit-macos'
Mono config path = '/Applications/Unity/Hub/Editor/2021.2.16f1/Unity.app/Contents/MonoBleedingEdge/etc'
Using monoOptions --debugger-agent=transport=dt_socket,embedding=1,server=y,suspend=n,address=127.0.0.1:56523
Begin MonoManager ReloadAssembly
Registering precompiled unity dll's ...
Register platform support module: /Applications/Unity/Hub/Editor/2021.2.16f1/PlaybackEngines/WebGLSupport/UnityEditor.WebGL.Extensions.dll
Register platform support module: /Applications/Unity/Hub/Editor/2021.2.16f1/Unity.app/Contents/PlaybackEngines/MacStandaloneSupport/UnityEditor.OSXStandalone.Extensions.dll
Registered in 0.001778 seconds.
Native extension for OSXStandalone target not found
Native extension for WebGL target not found
Refreshing native plugins compatible for Editor in 114.58 ms, found 2 plugins.
Preloading 0 native plugins for Editor in 0.00 ms.
Mono: successfully reloaded assembly
- Completed reload, in  0.892 seconds
Domain Reload Profiling:
	ReloadAssembly (893ms)
		BeginReloadAssembly (83ms)
			ExecutionOrderSort (0ms)
			DisableScriptedObjects (0ms)
			BackupInstance (0ms)
			ReleaseScriptingObjects (0ms)
			CreateAndSetChildDomain (1ms)
		EndReloadAssembly (658ms)
			LoadAssemblies (82ms)
			RebuildTransferFunctionScriptingTraits (0ms)
			SetupTypeCache (178ms)
			ReleaseScriptCaches (0ms)
			RebuildScriptCaches (46ms)
			SetupLoadedEditorAssemblies (366ms)
				LogAssemblyErrors (0ms)
				InitializePlatformSupportModulesInManaged (9ms)
				SetLoadedEditorAssemblies (1ms)
				RefreshPlugins (115ms)
				BeforeProcessingInitializeOnLoad (1ms)
				ProcessInitializeOnLoadAttributes (178ms)
				ProcessInitializeOnLoadMethodAttributes (62ms)
				AfterProcessingInitializeOnLoad (0ms)
				EditorAssembliesLoaded (0ms)
			ExecutionOrderSort2 (0ms)
			AwakeInstancesAfterBackupRestoration (0ms)
Platform modules already initialized, skipping
Registering precompiled user dll's ...
Registered in 0.003649 seconds.
Begin MonoManager ReloadAssembly
Symbol file LoadedFromMemory doesn't match image /Users/steffen/Unity Projects/Mad-Maps/Library/PackageCache/com.unity.visualscripting@1.7.7/Editor/VisualScripting.Core/Dependencies/YamlDotNet/Unity.VisualScripting.YamlDotNet.dll
Symbol file LoadedFromMemory doesn't match image /Users/steffen/Unity Projects/Mad-Maps/Library/PackageCache/com.unity.visualscripting@1.7.7/Editor/VisualScripting.Core/Dependencies/DotNetZip/Unity.VisualScripting.IonicZip.dll
Native extension for OSXStandalone target not found
Native extension for WebGL target not found
Refreshing native plugins compatible for Editor in 143.49 ms, found 2 plugins.
Preloading 0 native plugins for Editor in 0.00 ms.
Mono: successfully reloaded assembly
- Completed reload, in  4.676 seconds
Domain Reload Profiling:
	ReloadAssembly (4677ms)
		BeginReloadAssembly (129ms)
			ExecutionOrderSort (0ms)
			DisableScriptedObjects (8ms)
			BackupInstance (0ms)
			ReleaseScriptingObjects (0ms)
			CreateAndSetChildDomain (29ms)
		EndReloadAssembly (4430ms)
			LoadAssemblies (89ms)
			RebuildTransferFunctionScriptingTraits (0ms)
			SetupTypeCache (495ms)
			ReleaseScriptCaches (1ms)
			RebuildScriptCaches (107ms)
			SetupLoadedEditorAssemblies (3652ms)
				LogAssemblyErrors (0ms)
				InitializePlatformSupportModulesInManaged (13ms)
				SetLoadedEditorAssemblies (0ms)
				RefreshPlugins (144ms)
				BeforeProcessingInitializeOnLoad (132ms)
				ProcessInitializeOnLoadAttributes (3240ms)
				ProcessInitializeOnLoadMethodAttributes (121ms)
				AfterProcessingInitializeOnLoad (2ms)
				EditorAssembliesLoaded (0ms)
			ExecutionOrderSort2 (0ms)
			AwakeInstancesAfterBackupRestoration (6ms)
Platform modules already initialized, skipping
========================================================================
Worker process is ready to serve import requests
Launching external process: /Applications/Unity/Hub/Editor/2021.2.16f1/Unity.app/Contents/Tools/UnityShaderCompiler
Launched and connected shader compiler UnityShaderCompiler after 0.08 seconds
Refreshing native plugins compatible for Editor in 1.30 ms, found 2 plugins.
Preloading 0 native plugins for Editor in 0.00 ms.
Unloading 5297 Unused Serialized files (Serialized files now loaded: 0)
Unloading 46 unused Assets / (1.0 MB). Loaded Objects now: 5764.
Memory consumption went from 423.1 MB to 422.2 MB.
Total: 6.768389 ms (FindLiveObjects: 0.526374 ms CreateObjectMapping: 0.465716 ms MarkObjects: 5.013481 ms  DeleteObjects: 0.761058 ms)

AssetImportParameters requested are different than current active one (requested -> active):
  custom:video-decoder-ogg-theora: a1e56fd34408186e4bbccfd4996cb3dc -> 
  custom:container-muxer-webm: aa71ff27fc2769a1b78a27578f13a17b -> 
  custom:container-demuxer-webm: 4f35f7cbe854078d1ac9338744f61a02 -> 
  custom:video-encoder-webm-vp8: eb34c28f22e8b96e1ab97ce403110664 -> 
  custom:framework-osx-AVFoundation: e770b220cccbd017edd2c1fefb359320 -> 
  custom:audio-encoder-webm-vorbis: bf7c407c2cedff20999df2af8eb42d56 -> 
  custom:container-demuxer-ogg: 62fdf1f143b41e24485cea50d1cbac27 -> 
  custom:video-decoder-webm-vp8: 9c59270c3fd7afecdb556c50c9e8de78 -> 
  custom:audio-decoder-ogg-vorbis: bf7c407c2cedff20999df2af8eb42d56 -> 
========================================================================
Received Import Request.
  Time since last request: 53663.759076 seconds.
  path: Assets/_TerrainAutoUpgrade/layer_TerrainTexture5TerrainTexture5_n3d3aba195e4d26ee.terrainlayer
  artifactKey: Guid(870059ce094548618aa78de6ae8d7759) Importer(815301076,1909f56bfc062723c751e8b465ee728b)
Start importing Assets/_TerrainAutoUpgrade/layer_TerrainTexture5TerrainTexture5_n3d3aba195e4d26ee.terrainlayer using Guid(870059ce094548618aa78de6ae8d7759) Importer(815301076,1909f56bfc062723c751e8b465ee728b)  -> (artifact id: 'f57f2a433f4fee4ed66a4ec2e6be66c0') in 0.215172 seconds 
========================================================================
Received Import Request.
  Time since last request: 0.000131 seconds.
  path: Assets/_TerrainAutoUpgrade/layer_TerrainTexture6TerrainTexture6_n12a734f1a24d4f9e.terrainlayer
  artifactKey: Guid(d0b887593d124053b115376b0af7ace1) Importer(815301076,1909f56bfc062723c751e8b465ee728b)
Start importing Assets/_TerrainAutoUpgrade/layer_TerrainTexture6TerrainTexture6_n12a734f1a24d4f9e.terrainlayer using Guid(d0b887593d124053b115376b0af7ace1) Importer(815301076,1909f56bfc062723c751e8b465ee728b)  -> (artifact id: 'dac4b8d29ff93792e4d8ae365149b64a') in 0.007039 seconds 
========================================================================
Received Import Request.
  Time since last request: 0.000097 seconds.
  path: Assets/_TerrainAutoUpgrade/layer_793646612c42751.terrainlayer
  artifactKey: Guid(56f81099fac104de2b49ea1730615a58) Importer(815301076,1909f56bfc062723c751e8b465ee728b)
Start importing Assets/_TerrainAutoUpgrade/layer_793646612c42751.terrainlayer using Guid(56f81099fac104de2b49ea1730615a58) Importer(815301076,1909f56bfc062723c751e8b465ee728b)  -> (artifact id: '6c2f11896e39a4151bd4c707c40ace2c') in 0.007145 seconds 
========================================================================
Received Import Request.
  Time since last request: 0.000168 seconds.
  path: Assets/_TerrainAutoUpgrade/layer_TerrainTexture4_oldTerrainTexture4_n3d3aba195e4d26ee.terrainlayer
  artifactKey: Guid(aa098f3fd3f5429a9f9f0a15fb84fce2) Importer(815301076,1909f56bfc062723c751e8b465ee728b)
Start importing Assets/_TerrainAutoUpgrade/layer_TerrainTexture4_oldTerrainTexture4_n3d3aba195e4d26ee.terrainlayer using Guid(aa098f3fd3f5429a9f9f0a15fb84fce2) Importer(815301076,1909f56bfc062723c751e8b465ee728b)  -> (artifact id: '176f77edf51eafc8a3b0c321ff2407c0') in 0.007367 seconds 
========================================================================
Received Import Request.
  Time since last request: 0.000098 seconds.
  path: Assets/_TerrainAutoUpgrade/layer_GrassyRocks2023054508611406.terrainlayer
  artifactKey: Guid(2c193299166d4fe1bf87e2c7a8f2eaa7) Importer(815301076,1909f56bfc062723c751e8b465ee728b)
Start importing Assets/_TerrainAutoUpgrade/layer_GrassyRocks2023054508611406.terrainlayer using Guid(2c193299166d4fe1bf87e2c7a8f2eaa7) Importer(815301076,1909f56bfc062723c751e8b465ee728b)  -> (artifact id: 'e9630b66901bfedb349621ee4113ae74') in 0.008008 seconds 
========================================================================
Received Import Request.
  Time since last request: 30.613083 seconds.
  path: Assets/MadMaps/Demo/DemoAsphault/AusphaultRoadDiffuse.png
  artifactKey: Guid(1ba4407a97eb4e739d711189c21a2e97) Importer(815301076,1909f56bfc062723c751e8b465ee728b)
Start importing Assets/MadMaps/Demo/DemoAsphault/AusphaultRoadDiffuse.png using Guid(1ba4407a97eb4e739d711189c21a2e97) Importer(815301076,1909f56bfc062723c751e8b465ee728b)  -> (artifact id: '639c0cd22fb42282302b6849af00c755') in 0.196622 seconds 
========================================================================
Received Import Request.
  Time since last request: 0.000152 seconds.
  path: Assets/MadMaps/Demo/DemoAsphault/Intersectionmask.png
  artifactKey: Guid(e6a995a800014d07a7bd609524bb234d) Importer(815301076,1909f56bfc062723c751e8b465ee728b)
Start importing Assets/MadMaps/Demo/DemoAsphault/Intersectionmask.png using Guid(e6a995a800014d07a7bd609524bb234d) Importer(815301076,1909f56bfc062723c751e8b465ee728b)  -> (artifact id: '5a8d97dcdd9c8e0130a0502f8f3bdb61') in 0.012309 seconds 
========================================================================
Received Import Request.
  Time since last request: 0.000112 seconds.
  path: Assets/MadMaps/Demo/DemoAsphault/DemoAsphault.asset
  artifactKey: Guid(6cdcaf4daed64d64876ac0201a4d2693) Importer(815301076,1909f56bfc062723c751e8b465ee728b)
Start importing Assets/MadMaps/Demo/DemoAsphault/DemoAsphault.asset using Guid(6cdcaf4daed64d64876ac0201a4d2693) Importer(815301076,1909f56bfc062723c751e8b465ee728b) ArgumentException: Object of type 'UnityEngine.Object' cannot be converted to type 'UnityEngine.Mesh'.
  at System.RuntimeType.CheckValue (System.Object value, System.Reflection.Binder binder, System.Globalization.CultureInfo culture, System.Reflection.BindingFlags invokeAttr) [0x00071] in <cc07565d1e884982b04875f1b674afb1>:0 
  at System.Reflection.RuntimeFieldInfo.SetValue (System.Object obj, System.Object val, System.Reflection.BindingFlags invokeAttr, System.Reflection.Binder binder, System.Globalization.CultureInfo culture) [0x0007d] in <cc07565d1e884982b04875f1b674afb1>:0 
  at System.Reflection.FieldInfo.SetValue (System.Object obj, System.Object value) [0x00009] in <cc07565d1e884982b04875f1b674afb1>:0 
  at FullSerializer.Internal.fsMetaProperty.Write (System.Object context, System.Object value) [0x00021] in /Users/steffen/Unity Projects/Mad-Maps/Assets/MadMaps/Common/Serialization/FullSerializer/Reflection/fsMetaProperty.cs:129 
  at FullSerializer.Internal.fsReflectedConverter.TryDeserialize (FullSerializer.fsData data, System.Object& instance, System.Type storageType) [0x000b3] in /Users/steffen/Unity Projects/Mad-Maps/Assets/MadMaps/Common/Serialization/FullSerializer/Converters/fsReflectedConverter.cs:83 
  at FullSerializer.fsSerializer.InternalDeserialize_5_Converter (System.Type overrideConverterType, FullSerializer.fsData data, System.Type resultType, System.Object& result) [0x0001a] in /Users/steffen/Unity Projects/Mad-Maps/Assets/MadMaps/Common/Serialization/FullSerializer/fsSerializer.cs:937 
  at FullSerializer.fsSerializer.InternalDeserialize_4_Cycles (System.Type overrideConverterType, FullSerializer.fsData data, System.Type resultType, System.Object& result) [0x00032] in /Users/steffen/Unity Projects/Mad-Maps/Assets/MadMaps/Common/Serialization/FullSerializer/fsSerializer.cs:929 
  at FullSerializer.fsSerializer.InternalDeserialize_3_Inheritance (System.Type overrideConverterType, FullSerializer.fsData data, System.Type storageType, System.Object& result, System.Collections.Generic.List`1[FullSerializer.fsObjectProcessor]& processors) [0x0012a] in /Users/steffen/Unity Projects/Mad-Maps/Assets/MadMaps/Common/Serialization/FullSerializer/fsSerializer.cs:906 
  at FullSerializer.fsSerializer.InternalDeserialize_2_Version (System.Type overrideConverterType, FullSerializer.fsData data, System.Type storageType, System.Object& result, System.Collections.Generic.List`1[FullSerializer.fsObjectProcessor]& processors) [0x0011c] in /Users/steffen/Unity Projects/Mad-Maps/Assets/MadMaps/Common/Serialization/FullSerializer/fsSerializer.cs:835 
  at FullSerializer.fsSerializer.InternalDeserialize_1_CycleReference (System.Type overrideConverterType, FullSerializer.fsData data, System.Type storageType, System.Object& result, System.Collections.Generic.List`1[FullSerializer.fsObjectProcessor]& processors) [0x00049] in /Users/steffen/Unity Projects/Mad-Maps/Assets/MadMaps/Common/Serialization/FullSerializer/fsSerializer.cs:789 
  at FullSerializer.fsSerializer.TryDeserialize (FullSerializer.fsData data, System.Type storageType, System.Type overrideConverterType, System.Object& result) [0x0003b] in /Users/steffen/Unity Projects/Mad-Maps/Assets/MadMaps/Common/Serialization/FullSerializer/fsSerializer.cs:757 
  at FullSerializer.fsSerializer.TryDeserialize (FullSerializer.fsData data, System.Type storageType, System.Object& result) [0x00000] in /Users/steffen/Unity Projects/Mad-Maps/Assets/MadMaps/Common/Serialization/FullSerializer/fsSerializer.cs:731 
  at FullSerializer.Internal.fsIEnumerableConverter.TryDeserialize (FullSerializer.fsData data, System.Object& instance_, System.Type storageType) [0x000b5] in /Users/steffen/Unity Projects/Mad-Maps/Assets/MadMaps/Common/Serialization/FullSerializer/Converters/fsIEnumerableConverter.cs:82 
  at FullSerializer.fsSerializer.InternalDeserialize_5_Converter (System.Type overrideConverterType, FullSerializer.fsData data, System.Type resultType, System.Object& result) [0x0001a] in /Users/steffen/Unity Projects/Mad-Maps/Assets/MadMaps/Common/Serialization/FullSerializer/fsSerializer.cs:937 
  at FullSerializer.fsSerializer.InternalDeserialize_4_Cycles (System.Type overrideConverterType, FullSerializer.fsData data, System.Type resultType, System.Object& result) [0x00032] in /Users/steffen/Unity Projects/Mad-Maps/Assets/MadMaps/Common/Serialization/FullSerializer/fsSerializer.cs:929 
  at FullSerializer.fsSerializer.InternalDeserialize_3_Inheritance (System.Type overrideConverterType, FullSerializer.fsData data, System.Type storageType, System.Object& result, System.Collections.Generic.List`1[FullSerializer.fsObjectProcessor]& processors) [0x0012a] in /Users/steffen/Unity Projects/Mad-Maps/Assets/MadMaps/Common/Serialization/FullSerializer/fsSerializer.cs:906 
  at FullSerializer.fsSerializer.InternalDeserialize_2_Version (System.Type overrideConverterType, FullSerializer.fsData data, System.Type storageType, System.Object& result, System.Collections.Generic.List`1[FullSerializer.fsObjectProcessor]& processors) [0x0011c] in /Users/steffen/Unity Projects/Mad-Maps/Assets/MadMaps/Common/Serialization/FullSerializer/fsSerializer.cs:835 
  at FullSerializer.fsSerializer.InternalDeserialize_1_CycleReference (System.Type overrideConverterType, FullSerializer.fsData data, System.Type storageType, System.Object& result, System.Collections.Generic.List`1[FullSerializer.fsObjectProcessor]& processors) [0x00049] in /Users/steffen/Unity Projects/Mad-Maps/Assets/MadMaps/Common/Serialization/FullSerializer/fsSerializer.cs:789 
  at FullSerializer.fsSerializer.TryDeserialize (FullSerializer.fsData data, System.Type storageType, System.Type overrideConverterType, System.Object& result) [0x0003b] in /Users/steffen/Unity Projects/Mad-Maps/Assets/MadMaps/Common/Serialization/FullSerializer/fsSerializer.cs:757 
  at FullSerializer.Internal.fsReflectedConverter.TryDeserialize (FullSerializer.fsData data, System.Object& instance, System.Type storageType) [0x00082] in /Users/steffen/Unity Projects/Mad-Maps/Assets/MadMaps/Common/Serialization/FullSerializer/Converters/fsReflectedConverter.cs:78 
  at FullSerializer.fsSerializer.InternalDeserialize_5_Converter (System.Type overrideConverterType, FullSerializer.fsData data, System.Type resultType, System.Object& result) [0x0001a] in /Users/steffen/Unity Projects/Mad-Maps/Assets/MadMaps/Common/Serialization/FullSerializer/fsSerializer.cs:937 
  at FullSerializer.fsSerializer.InternalDeserialize_4_Cycles (System.Type overrideConverterType, FullSerializer.fsData data, System.Type resultType, System.Object& result) [0x00032] in /Users/steffen/Unity Projects/Mad-Maps/Assets/MadMaps/Common/Serialization/FullSerializer/fsSerializer.cs:929 
  at FullSerializer.fsSerializer.InternalDeserialize_3_Inheritance (System.Type overrideConverterType, FullSerializer.fsData data, System.Type storageType, System.Object& result, System.Collections.Generic.List`1[FullSerializer.fsObjectProcessor]& processors) [0x0012a] in /Users/steffen/Unity Projects/Mad-Maps/Assets/MadMaps/Common/Serialization/FullSerializer/fsSerializer.cs:906 
  at FullSerializer.fsSerializer.InternalDeserialize_2_Version (System.Type overrideConverterType, FullSerializer.fsData data, System.Type storageType, System.Object& result, System.Collections.Generic.List`1[FullSerializer.fsObjectProcessor]& processors) [0x0011c] in /Users/steffen/Unity Projects/Mad-Maps/Assets/MadMaps/Common/Serialization/FullSerializer/fsSerializer.cs:835 
  at FullSerializer.fsSerializer.InternalDeserialize_1_CycleReference (System.Type overrideConverterType, FullSerializer.fsData data, System.Type storageType, System.Object& result, System.Collections.Generic.List`1[FullSerializer.fsObjectProcessor]& processors) [0x00049] in /Users/steffen/Unity Projects/Mad-Maps/Assets/MadMaps/Common/Serialization/FullSerializer/fsSerializer.cs:789 
  at FullSerializer.fsSerializer.TryDeserialize (FullSerializer.fsData data, System.Type storageType, System.Type overrideConverterType, System.Object& result) [0x0003b] in /Users/steffen/Unity Projects/Mad-Maps/Assets/MadMaps/Common/Serialization/FullSerializer/fsSerializer.cs:757 
  at FullSerializer.fsSerializer.TryDeserialize (FullSerializer.fsData data, System.Type storageType, System.Object& result) [0x00000] in /Users/steffen/Unity Projects/Mad-Maps/Assets/MadMaps/Common/Serialization/FullSerializer/fsSerializer.cs:731 
  at MadMaps.Common.Serialization.JSONSerializer.Deserialize (System.Type type, System.String serializedState, System.Collections.Generic.List`1[T] objectReferences) [0x0006d] in /Users/steffen/Unity Projects/Mad-Maps/Assets/MadMaps/Common/Serialization/JSONSerializer.cs:145 
  at MadMaps.Roads.ConnectionConfiguration.OnAfterDeserialize () [0x0005a] in /Users/steffen/Unity Projects/Mad-Maps/Assets/MadMaps/Roads/ConnectionConfiguration.cs:55 

(Filename: Assets/MadMaps/Common/Serialization/FullSerializer/Reflection/fsMetaProperty.cs Line: 129)

 -> (artifact id: 'ad5e157f69bf112350fedc11e1ca25d6') in 0.164944 seconds 
========================================================================
Received Import Request.
  Time since last request: 11.555469 seconds.
  path: Assets/MadMaps/Demo/DemoDirtRoad/DemoDirtRoad.fbx
  artifactKey: Guid(e7c5a48cff7c4ec8a2a4914c7be44e3a) Importer(815301076,1909f56bfc062723c751e8b465ee728b)
Start importing Assets/MadMaps/Demo/DemoDirtRoad/DemoDirtRoad.fbx using Guid(e7c5a48cff7c4ec8a2a4914c7be44e3a) Importer(815301076,1909f56bfc062723c751e8b465ee728b)  -> (artifact id: '10377efda831fb8dae1ef5a02da624b3') in 0.438640 seconds 
